This is pdfTeX, Version 3.141592653-2.6-1.40.27 (MiKTeX 25.4) (preloaded format=pdflatex 2025.11.14)  14 NOV 2025 18:19
entering extended mode
 restricted \write18 enabled.
 file:line:error style messages enabled.
 %&-line parsing enabled.
**"d:/SNU/Semester_5/Web Technologies/Record/main.tex"
(d:/SNU/Semester_5/Web Technologies/Record/main.tex
LaTeX2e <2025-11-01>
L3 programming layer <2025-10-24>
(C:\Users\ashwi_jkggm6w\AppData\Local\Programs\MiKTeX\tex/latex/base\article.cls
Document Class: article 2025/01/22 v1.4n Standard LaTeX document class
(C:\Users\ashwi_jkggm6w\AppData\Local\Programs\MiKTeX\tex/latex/base\size12.clo
File: size12.clo 2025/01/22 v1.4n Standard LaTeX file (size option)
)
\c@part=\count275
\c@section=\count276
\c@subsection=\count277
\c@subsubsection=\count278
\c@paragraph=\count279
\c@subparagraph=\count280
\c@figure=\count281
\c@table=\count282
\abovecaptionskip=\skip49
\belowcaptionskip=\skip50
\bibindent=\dimen148
) (C:\Users\ashwi_jkggm6w\AppData\Local\Programs\MiKTeX\tex/latex/graphics\graphicx.sty
Package: graphicx 2024/12/31 v1.2e Enhanced LaTeX Graphics (DPC,SPQR)
 (C:\Users\ashwi_jkggm6w\AppData\Local\Programs\MiKTeX\tex/latex/graphics\keyval.sty
Package: keyval 2022/05/29 v1.15 key=value parser (DPC)
\KV@toks@=\toks17
) (C:\Users\ashwi_jkggm6w\AppData\Local\Programs\MiKTeX\tex/latex/graphics\graphics.sty
Package: graphics 2024/08/06 v1.4g Standard LaTeX Graphics (DPC,SPQR)
 (C:\Users\ashwi_jkggm6w\AppData\Local\Programs\MiKTeX\tex/latex/graphics\trig.sty
Package: trig 2023/12/02 v1.11 sin cos tan (DPC)
) (C:\Users\ashwi_jkggm6w\AppData\Local\Programs\MiKTeX\tex/latex/graphics-cfg\graphics.cfg
File: graphics.cfg 2016/06/04 v1.11 sample graphics configuration
)
Package graphics Info: Driver file: pdftex.def on input line 106.
 (C:\Users\ashwi_jkggm6w\AppData\Local\Programs\MiKTeX\tex/latex/graphics-def\pdftex.def
File: pdftex.def 2025/09/29 v1.2d Graphics/color driver for pdftex
))
\Gin@req@height=\dimen149
\Gin@req@width=\dimen150
) (C:\Users\ashwi_jkggm6w\AppData\Local\Programs\MiKTeX\tex/latex/listings\listings.sty \lstset,
\lst@mode=\count283
 
new hook `InitVars',

new hook `EndGroup',

new hook `ExitVars',

new hook `ModeTrue',

new hook `EOL',
\lst@gtempboxa=\box53
\lst@token=\toks18
\lst@length=\count284

new hook `InitVarsBOL',
\lst@currlwidth=\dimen151
\lst@column=\count285
\lst@pos=\count286
\lst@lostspace=\dimen152
\lst@width=\dimen153
basewidth, 
new hook `FontAdjust',
fontadjust, 
new hook `PostOutput',

new hook `OutputBox',

new hook `InitBOL',
columns, flexiblecolumns,
\lst@newlines=\count287
 
new hook `OnNewLine',
emptylines, 
new hook `OnEmptyLine',
identifierstyle, 
new hook `EmptyStyle',

new hook `OutputOther',

new hook `Output',
tabsize, showtabs, tab, showspaces, keepspaces, 
new hook `Init',
formfeed, upquote, SelectCharTable, MoreSelectCharTable, 
new hook `SetLanguage',
extendedchars, useoutput, rescanchars, alsoletter, alsodigit, alsoother, 
new hook `SelectCharTable',
excludedelims, delim, moredelim, deletedelim, literate, basicstyle, inputencoding, multicols, 
new hook `EveryLine',
\lst@lineno=\count288
print, firstline, lastline, 
new hook `PreSet',
nolol, linerange, consecutivenumbers, rangeprefix, rangesuffix, rangebeginprefix, rangebeginsuffix, rangeendprefix, rangeendsuffix, includerangemarker, 
new hook `DeInit',
captionpos, abovecaptionskip, belowcaptionskip, label, title, caption, 
new hook `TextStyle',
\lstlistingname, \lstlistingnamestyle, numberbychapter, boxpos, float, floatplacement, aboveskip, belowskip, everydisplay, 
new hook `DisplayStyle',

new hook `PreInit',

new hook `EveryPar',
showlines,
\lst@maxwidth=\dimen154
 
new hook `InitVarsEOL',
gobble, name, \lstlistlistingname, \lstlistoflistings, inputpath, \lstnewenvironment, fancyvrb, (C:\Users\ashwi_jkggm6w\AppData\Local\Programs\MiKTeX\tex/latex/listings\lstpatch.sty
File: lstpatch.sty 2025/10/06 1.11 (Carsten Heinz)
) (C:\Users\ashwi_jkggm6w\AppData\Local\Programs\MiKTeX\tex/latex/listings\lstmisc.sty
File: lstmisc.sty 2025/10/06 1.11 (Carsten Heinz)
 
Define lst-aspect `strings': string, morestring, deletestring, stringstyle, showstringspaces, 
new hook `ExcludeDelims',

Allocs: none

Define lst-aspect `comments': comment, morecomment, deletecomment, commentstyle, 
new hook `AfterBeginComment',

Allocs: none

Define lst-aspect `escape': texcl, escapebegin, escapeend, escapechar, escapeinside, mathescape, 
Allocs: none

Define lst-aspect `keywords': sensitive, 
new hook `TrackKeywords',

new hook `PostTrackKeywords',

new hook `DetectKeywords',
classoffset, keywords, morekeywords, deletekeywords, keywordstyle, keywordstyle, ndkeywords, morendkeywords, deletendkeywords, ndkeywordstyle, keywordsprefix, otherkeywords, 
Allocs: none

Define lst-aspect `emph': emph, moreemph, deleteemph, emphstyle, 
Allocs: none

Define lst-aspect `index': index, moreindex, deleteindex, indexstyle, \lstindexmacro, 
Allocs: none

Define lst-aspect `style': \lststylefiles, \lstdefinestyle, \lst@definestyle, style, 
new hook `SetStyle',

Allocs: none

Define lst-aspect `language': \lstlanguagefiles, \lstdefinelanguage, \lst@definelanguage, language, alsolanguage, \lstalias, defaultdialect, 
Allocs: none

Define lst-aspect `labels': numbers, stepnumber, numberfirstline, numberstyle, numbersep, numberblanklines, firstnumber,
\c@lstnumber=\count289
\lst@skipnumbers=\count290
 
Allocs: 2\count, 

Define lst-aspect `lineshape': xleftmargin, xrightmargin, resetmargins, 
new hook `BoxUnsafe',
linewidth, lineskip, breaklines, breakindent, breakautoindent, breakatwhitespace, prebreak, postbreak, 
Allocs: none

Define lst-aspect `frames': framexleftmargin, framexrightmargin, framextopmargin, framexbottommargin, backgroundcolor, fillcolor, rulecolor, rulesepcolor, rulesep, framerule, framesep, frameshape, frameround, frame,
\lst@framebox=\box54
 
Allocs: 1\box, 
) 
Allocs: 8\count, 4\dimen, 2\box, 1\toks, 
(C:\Users\ashwi_jkggm6w\AppData\Local\Programs\MiKTeX\tex/latex/listings\listings.cfg
File: listings.cfg 2025/10/06 1.11 listings configuration
))
Package: listings 2025/10/06 1.11 (Carsten Heinz)

==> First Aid for listings.sty no longer applied!
    Expected:
        2024/09/23 1.10c (Carsten Heinz)
    but found:
        2025/10/06 1.11 (Carsten Heinz)
    so I'm assuming it got fixed.
(C:\Users\ashwi_jkggm6w\AppData\Local\Programs\MiKTeX\tex/latex/xcolor\xcolor.sty
Package: xcolor 2024/09/29 v3.02 LaTeX color extensions (UK)
 (C:\Users\ashwi_jkggm6w\AppData\Local\Programs\MiKTeX\tex/latex/graphics-cfg\color.cfg
File: color.cfg 2016/01/02 v1.6 sample color configuration
)
Package xcolor Info: Driver file: pdftex.def on input line 274.
 (C:\Users\ashwi_jkggm6w\AppData\Local\Programs\MiKTeX\tex/latex/graphics\mathcolor.ltx)
Package xcolor Info: Model `cmy' substituted by `cmy0' on input line 1349.
Package xcolor Info: Model `hsb' substituted by `rgb' on input line 1353.
Package xcolor Info: Model `RGB' extended on input line 1365.
Package xcolor Info: Model `HTML' substituted by `rgb' on input line 1367.
Package xcolor Info: Model `Hsb' substituted by `hsb' on input line 1368.
Package xcolor Info: Model `tHsb' substituted by `hsb' on input line 1369.
Package xcolor Info: Model `HSB' substituted by `hsb' on input line 1370.
Package xcolor Info: Model `Gray' substituted by `gray' on input line 1371.
Package xcolor Info: Model `wave' substituted by `hsb' on input line 1372.
) (C:\Users\ashwi_jkggm6w\AppData\Local\Programs\MiKTeX\tex/latex/titlesec\titlesec.sty
Package: titlesec 2025/01/04 v2.17 Sectioning titles
\ttl@box=\box55
\beforetitleunit=\skip51
\aftertitleunit=\skip52
\ttl@plus=\dimen155
\ttl@minus=\dimen156
\ttl@toksa=\toks19
\titlewidth=\dimen157
\titlewidthlast=\dimen158
\titlewidthfirst=\dimen159
) (C:\Users\ashwi_jkggm6w\AppData\Local\Programs\MiKTeX\tex/latex/hyperref\hyperref.sty
Package: hyperref 2025-07-12 v7.01o Hypertext links for LaTeX
 (C:\Users\ashwi_jkggm6w\AppData\Local\Programs\MiKTeX\tex/generic/iftex\iftex.sty
Package: iftex 2024/12/12 v1.0g TeX engine tests
) (C:\Users\ashwi_jkggm6w\AppData\Local\Programs\MiKTeX\tex/latex/kvsetkeys\kvsetkeys.sty
Package: kvsetkeys 2022-10-05 v1.19 Key value parser (HO)
) (C:\Users\ashwi_jkggm6w\AppData\Local\Programs\MiKTeX\tex/generic/kvdefinekeys\kvdefinekeys.sty
Package: kvdefinekeys 2019-12-19 v1.6 Define keys (HO)
) (C:\Users\ashwi_jkggm6w\AppData\Local\Programs\MiKTeX\tex/generic/pdfescape\pdfescape.sty
Package: pdfescape 2019/12/09 v1.15 Implements pdfTeX's escape features (HO)
 (C:\Users\ashwi_jkggm6w\AppData\Local\Programs\MiKTeX\tex/generic/ltxcmds\ltxcmds.sty
Package: ltxcmds 2023-12-04 v1.26 LaTeX kernel commands for general use (HO)
) (C:\Users\ashwi_jkggm6w\AppData\Local\Programs\MiKTeX\tex/generic/pdftexcmds\pdftexcmds.sty
Package: pdftexcmds 2020-06-27 v0.33 Utility functions of pdfTeX for LuaTeX (HO)
 (C:\Users\ashwi_jkggm6w\AppData\Local\Programs\MiKTeX\tex/generic/infwarerr\infwarerr.sty
Package: infwarerr 2019/12/03 v1.5 Providing info/warning/error messages (HO)
)
Package pdftexcmds Info: \pdf@primitive is available.
Package pdftexcmds Info: \pdf@ifprimitive is available.
Package pdftexcmds Info: \pdfdraftmode found.
)) (C:\Users\ashwi_jkggm6w\AppData\Local\Programs\MiKTeX\tex/latex/hycolor\hycolor.sty
Package: hycolor 2020-01-27 v1.10 Color options for hyperref/bookmark (HO)
) (C:\Users\ashwi_jkggm6w\AppData\Local\Programs\MiKTeX\tex/latex/hyperref\nameref.sty
Package: nameref 2025-06-21 v2.57 Cross-referencing by name of section
 (C:\Users\ashwi_jkggm6w\AppData\Local\Programs\MiKTeX\tex/latex/refcount\refcount.sty
Package: refcount 2019/12/15 v3.6 Data extraction from label references (HO)
) (C:\Users\ashwi_jkggm6w\AppData\Local\Programs\MiKTeX\tex/generic/gettitlestring\gettitlestring.sty
Package: gettitlestring 2019/12/15 v1.6 Cleanup title references (HO)
 (C:\Users\ashwi_jkggm6w\AppData\Local\Programs\MiKTeX\tex/latex/kvoptions\kvoptions.sty
Package: kvoptions 2022-06-15 v3.15 Key value format for package options (HO)
))
\c@section@level=\count291
) (C:\Users\ashwi_jkggm6w\AppData\Local\Programs\MiKTeX\tex/latex/etoolbox\etoolbox.sty
Package: etoolbox 2025/10/02 v2.5m e-TeX tools for LaTeX (JAW)
\etb@tempcnta=\count292
) (C:\Users\ashwi_jkggm6w\AppData\Local\Programs\MiKTeX\tex/generic/stringenc\stringenc.sty
Package: stringenc 2019/11/29 v1.12 Convert strings between diff. encodings (HO)
)
\@linkdim=\dimen160
\Hy@linkcounter=\count293
\Hy@pagecounter=\count294
 (C:\Users\ashwi_jkggm6w\AppData\Local\Programs\MiKTeX\tex/latex/hyperref\pd1enc.def
File: pd1enc.def 2025-07-12 v7.01o Hyperref: PDFDocEncoding definition (HO)
Now handling font encoding PD1 ...
... no UTF-8 mapping file for font encoding PD1
) (C:\Users\ashwi_jkggm6w\AppData\Local\Programs\MiKTeX\tex/generic/intcalc\intcalc.sty
Package: intcalc 2019/12/15 v1.3 Expandable calculations with integers (HO)
)
\Hy@SavedSpaceFactor=\count295
 (C:\Users\ashwi_jkggm6w\AppData\Local\Programs\MiKTeX\tex/latex/hyperref\puenc.def
File: puenc.def 2025-07-12 v7.01o Hyperref: PDF Unicode definition (HO)
Now handling font encoding PU ...
... no UTF-8 mapping file for font encoding PU
)
Package hyperref Info: Hyper figures OFF on input line 4195.
Package hyperref Info: Link nesting OFF on input line 4200.
Package hyperref Info: Hyper index ON on input line 4203.
Package hyperref Info: Plain pages OFF on input line 4210.
Package hyperref Info: Backreferencing OFF on input line 4215.
Package hyperref Info: Implicit mode ON; LaTeX internals redefined.
Package hyperref Info: Bookmarks ON on input line 4462.
\c@Hy@tempcnt=\count296
 (C:\Users\ashwi_jkggm6w\AppData\Local\Programs\MiKTeX\tex/latex/url\url.sty
\Urlmuskip=\muskip17
Package: url 2013/09/16  ver 3.4  Verb mode for urls, etc.
)
LaTeX Info: Redefining \url on input line 4801.
\XeTeXLinkMargin=\dimen161
 (C:\Users\ashwi_jkggm6w\AppData\Local\Programs\MiKTeX\tex/generic/bitset\bitset.sty
Package: bitset 2019/12/09 v1.3 Handle bit-vector datatype (HO)
 (C:\Users\ashwi_jkggm6w\AppData\Local\Programs\MiKTeX\tex/generic/bigintcalc\bigintcalc.sty
Package: bigintcalc 2019/12/15 v1.5 Expandable calculations on big integers (HO)
))
\Fld@menulength=\count297
\Field@Width=\dimen162
\Fld@charsize=\dimen163
Package hyperref Info: Hyper figures OFF on input line 6078.
Package hyperref Info: Link nesting OFF on input line 6083.
Package hyperref Info: Hyper index ON on input line 6086.
Package hyperref Info: backreferencing OFF on input line 6093.
Package hyperref Info: Link coloring OFF on input line 6098.
Package hyperref Info: Link coloring with OCG OFF on input line 6103.
Package hyperref Info: PDF/A mode OFF on input line 6108.
\Hy@abspage=\count298
\c@Item=\count299
\c@Hfootnote=\count300
)
Package hyperref Info: Driver (autodetected): hpdftex.
 (C:\Users\ashwi_jkggm6w\AppData\Local\Programs\MiKTeX\tex/latex/hyperref\hpdftex.def
File: hpdftex.def 2025-07-12 v7.01o Hyperref driver for pdfTeX
\Fld@listcount=\count301
\c@bookmark@seq@number=\count302
 (C:\Users\ashwi_jkggm6w\AppData\Local\Programs\MiKTeX\tex/latex/rerunfilecheck\rerunfilecheck.sty
Package: rerunfilecheck 2025-06-21 v1.11 Rerun checks for auxiliary files (HO)
 (C:\Users\ashwi_jkggm6w\AppData\Local\Programs\MiKTeX\tex/generic/uniquecounter\uniquecounter.sty
Package: uniquecounter 2019/12/15 v1.4 Provide unlimited unique counter (HO)
)
Package uniquecounter Info: New unique counter `rerunfilecheck' on input line 284.
)
\Hy@SectionHShift=\skip53
) (C:\Users\ashwi_jkggm6w\AppData\Local\Programs\MiKTeX\tex/latex/geometry\geometry.sty
Package: geometry 2020/01/02 v5.9 Page Geometry
 (C:\Users\ashwi_jkggm6w\AppData\Local\Programs\MiKTeX\tex/generic/iftex\ifvtex.sty
Package: ifvtex 2019/10/25 v1.7 ifvtex legacy package. Use iftex instead.
)
\Gm@cnth=\count303
\Gm@cntv=\count304
\c@Gm@tempcnt=\count305
\Gm@bindingoffset=\dimen164
\Gm@wd@mp=\dimen165
\Gm@odd@mp=\dimen166
\Gm@even@mp=\dimen167
\Gm@layoutwidth=\dimen168
\Gm@layoutheight=\dimen169
\Gm@layouthoffset=\dimen170
\Gm@layoutvoffset=\dimen171
\Gm@dimlist=\toks20
 (C:\Users\ashwi_jkggm6w\AppData\Local\Programs\MiKTeX\tex/latex/geometry\geometry.cfg)) (C:\Users\ashwi_jkggm6w\AppData\Local\Programs\MiKTeX\tex/latex/pgf/frontendlayer\tikz.sty (C:\Users\ashwi_jkggm6w\AppData\Local\Programs\MiKTeX\tex/latex/pgf/basiclayer\pgf.sty (C:\Users\ashwi_jkggm6w\AppData\Local\Programs\MiKTeX\tex/latex/pgf/utilities\pgfrcs.sty (C:\Users\ashwi_jkggm6w\AppData\Local\Programs\MiKTeX\tex/generic/pgf/utilities\pgfutil-common.tex
\pgfutil@everybye=\toks21
\pgfutil@tempdima=\dimen172
\pgfutil@tempdimb=\dimen173
) (C:\Users\ashwi_jkggm6w\AppData\Local\Programs\MiKTeX\tex/generic/pgf/utilities\pgfutil-latex.def
\pgfutil@abb=\box56
) (C:\Users\ashwi_jkggm6w\AppData\Local\Programs\MiKTeX\tex/generic/pgf/utilities\pgfrcs.code.tex (C:\Users\ashwi_jkggm6w\AppData\Local\Programs\MiKTeX\tex/generic/pgf\pgf.revision.tex)
Package: pgfrcs 2025-08-29 v3.1.11a (3.1.11a)
))
Package: pgf 2025-08-29 v3.1.11a (3.1.11a)
 (C:\Users\ashwi_jkggm6w\AppData\Local\Programs\MiKTeX\tex/latex/pgf/basiclayer\pgfcore.sty (C:\Users\ashwi_jkggm6w\AppData\Local\Programs\MiKTeX\tex/latex/pgf/systemlayer\pgfsys.sty (C:\Users\ashwi_jkggm6w\AppData\Local\Programs\MiKTeX\tex/generic/pgf/systemlayer\pgfsys.code.tex
Package: pgfsys 2025-08-29 v3.1.11a (3.1.11a)
 (C:\Users\ashwi_jkggm6w\AppData\Local\Programs\MiKTeX\tex/generic/pgf/utilities\pgfkeys.code.tex
\pgfkeys@pathtoks=\toks22
\pgfkeys@temptoks=\toks23
 (C:\Users\ashwi_jkggm6w\AppData\Local\Programs\MiKTeX\tex/generic/pgf/utilities\pgfkeyslibraryfiltered.code.tex
\pgfkeys@tmptoks=\toks24
))
\pgf@x=\dimen174
\pgf@y=\dimen175
\pgf@xa=\dimen176
\pgf@ya=\dimen177
\pgf@xb=\dimen178
\pgf@yb=\dimen179
\pgf@xc=\dimen180
\pgf@yc=\dimen181
\pgf@xd=\dimen182
\pgf@yd=\dimen183
\w@pgf@writea=\write3
\r@pgf@reada=\read2
\c@pgf@counta=\count306
\c@pgf@countb=\count307
\c@pgf@countc=\count308
\c@pgf@countd=\count309
\t@pgf@toka=\toks25
\t@pgf@tokb=\toks26
\t@pgf@tokc=\toks27
\pgf@sys@id@count=\count310
 (C:\Users\ashwi_jkggm6w\AppData\Local\Programs\MiKTeX\tex/generic/pgf/systemlayer\pgf.cfg
File: pgf.cfg 2025-08-29 v3.1.11a (3.1.11a)
)
Driver file for pgf: pgfsys-pdftex.def
 (C:\Users\ashwi_jkggm6w\AppData\Local\Programs\MiKTeX\tex/generic/pgf/systemlayer\pgfsys-pdftex.def
File: pgfsys-pdftex.def 2025-08-29 v3.1.11a (3.1.11a)
 (C:\Users\ashwi_jkggm6w\AppData\Local\Programs\MiKTeX\tex/generic/pgf/systemlayer\pgfsys-common-pdf.def
File: pgfsys-common-pdf.def 2025-08-29 v3.1.11a (3.1.11a)
))) (C:\Users\ashwi_jkggm6w\AppData\Local\Programs\MiKTeX\tex/generic/pgf/systemlayer\pgfsyssoftpath.code.tex
File: pgfsyssoftpath.code.tex 2025-08-29 v3.1.11a (3.1.11a)
\pgfsyssoftpath@smallbuffer@items=\count311
\pgfsyssoftpath@bigbuffer@items=\count312
) (C:\Users\ashwi_jkggm6w\AppData\Local\Programs\MiKTeX\tex/generic/pgf/systemlayer\pgfsysprotocol.code.tex
File: pgfsysprotocol.code.tex 2025-08-29 v3.1.11a (3.1.11a)
)) (C:\Users\ashwi_jkggm6w\AppData\Local\Programs\MiKTeX\tex/generic/pgf/basiclayer\pgfcore.code.tex
Package: pgfcore 2025-08-29 v3.1.11a (3.1.11a)
 (C:\Users\ashwi_jkggm6w\AppData\Local\Programs\MiKTeX\tex/generic/pgf/math\pgfmath.code.tex (C:\Users\ashwi_jkggm6w\AppData\Local\Programs\MiKTeX\tex/generic/pgf/math\pgfmathutil.code.tex) (C:\Users\ashwi_jkggm6w\AppData\Local\Programs\MiKTeX\tex/generic/pgf/math\pgfmathparser.code.tex
\pgfmath@dimen=\dimen184
\pgfmath@count=\count313
\pgfmath@box=\box57
\pgfmath@toks=\toks28
\pgfmath@stack@operand=\toks29
\pgfmath@stack@operation=\toks30
) (C:\Users\ashwi_jkggm6w\AppData\Local\Programs\MiKTeX\tex/generic/pgf/math\pgfmathfunctions.code.tex) (C:\Users\ashwi_jkggm6w\AppData\Local\Programs\MiKTeX\tex/generic/pgf/math\pgfmathfunctions.basic.code.tex) (C:\Users\ashwi_jkggm6w\AppData\Local\Programs\MiKTeX\tex/generic/pgf/math\pgfmathfunctions.trigonometric.code.tex) (C:\Users\ashwi_jkggm6w\AppData\Local\Programs\MiKTeX\tex/generic/pgf/math\pgfmathfunctions.random.code.tex) (C:\Users\ashwi_jkggm6w\AppData\Local\Programs\MiKTeX\tex/generic/pgf/math\pgfmathfunctions.comparison.code.tex) (C:\Users\ashwi_jkggm6w\AppData\Local\Programs\MiKTeX\tex/generic/pgf/math\pgfmathfunctions.base.code.tex) (C:\Users\ashwi_jkggm6w\AppData\Local\Programs\MiKTeX\tex/generic/pgf/math\pgfmathfunctions.round.code.tex) (C:\Users\ashwi_jkggm6w\AppData\Local\Programs\MiKTeX\tex/generic/pgf/math\pgfmathfunctions.misc.code.tex) (C:\Users\ashwi_jkggm6w\AppData\Local\Programs\MiKTeX\tex/generic/pgf/math\pgfmathfunctions.integerarithmetics.code.tex) (C:\Users\ashwi_jkggm6w\AppData\Local\Programs\MiKTeX\tex/generic/pgf/math\pgfmathcalc.code.tex) (C:\Users\ashwi_jkggm6w\AppData\Local\Programs\MiKTeX\tex/generic/pgf/math\pgfmathfloat.code.tex
\c@pgfmathroundto@lastzeros=\count314
)) (C:\Users\ashwi_jkggm6w\AppData\Local\Programs\MiKTeX\tex/generic/pgf/math\pgfint.code.tex) (C:\Users\ashwi_jkggm6w\AppData\Local\Programs\MiKTeX\tex/generic/pgf/basiclayer\pgfcorepoints.code.tex
File: pgfcorepoints.code.tex 2025-08-29 v3.1.11a (3.1.11a)
\pgf@picminx=\dimen185
\pgf@picmaxx=\dimen186
\pgf@picminy=\dimen187
\pgf@picmaxy=\dimen188
\pgf@pathminx=\dimen189
\pgf@pathmaxx=\dimen190
\pgf@pathminy=\dimen191
\pgf@pathmaxy=\dimen192
\pgf@xx=\dimen193
\pgf@xy=\dimen194
\pgf@yx=\dimen195
\pgf@yy=\dimen196
\pgf@zx=\dimen197
\pgf@zy=\dimen198
) (C:\Users\ashwi_jkggm6w\AppData\Local\Programs\MiKTeX\tex/generic/pgf/basiclayer\pgfcorepathconstruct.code.tex
File: pgfcorepathconstruct.code.tex 2025-08-29 v3.1.11a (3.1.11a)
\pgf@path@lastx=\dimen199
\pgf@path@lasty=\dimen256
) (C:\Users\ashwi_jkggm6w\AppData\Local\Programs\MiKTeX\tex/generic/pgf/basiclayer\pgfcorepathusage.code.tex
File: pgfcorepathusage.code.tex 2025-08-29 v3.1.11a (3.1.11a)
\pgf@shorten@end@additional=\dimen257
\pgf@shorten@start@additional=\dimen258
) (C:\Users\ashwi_jkggm6w\AppData\Local\Programs\MiKTeX\tex/generic/pgf/basiclayer\pgfcorescopes.code.tex
File: pgfcorescopes.code.tex 2025-08-29 v3.1.11a (3.1.11a)
\pgfpic=\box58
\pgf@hbox=\box59
\pgf@layerbox@main=\box60
\pgf@picture@serial@count=\count315
) (C:\Users\ashwi_jkggm6w\AppData\Local\Programs\MiKTeX\tex/generic/pgf/basiclayer\pgfcoregraphicstate.code.tex
File: pgfcoregraphicstate.code.tex 2025-08-29 v3.1.11a (3.1.11a)
\pgflinewidth=\dimen259
) (C:\Users\ashwi_jkggm6w\AppData\Local\Programs\MiKTeX\tex/generic/pgf/basiclayer\pgfcoretransformations.code.tex
File: pgfcoretransformations.code.tex 2025-08-29 v3.1.11a (3.1.11a)
\pgf@pt@x=\dimen260
\pgf@pt@y=\dimen261
\pgf@pt@temp=\dimen262
) (C:\Users\ashwi_jkggm6w\AppData\Local\Programs\MiKTeX\tex/generic/pgf/basiclayer\pgfcorequick.code.tex
File: pgfcorequick.code.tex 2025-08-29 v3.1.11a (3.1.11a)
) (C:\Users\ashwi_jkggm6w\AppData\Local\Programs\MiKTeX\tex/generic/pgf/basiclayer\pgfcoreobjects.code.tex
File: pgfcoreobjects.code.tex 2025-08-29 v3.1.11a (3.1.11a)
) (C:\Users\ashwi_jkggm6w\AppData\Local\Programs\MiKTeX\tex/generic/pgf/basiclayer\pgfcorepathprocessing.code.tex
File: pgfcorepathprocessing.code.tex 2025-08-29 v3.1.11a (3.1.11a)
) (C:\Users\ashwi_jkggm6w\AppData\Local\Programs\MiKTeX\tex/generic/pgf/basiclayer\pgfcorearrows.code.tex
File: pgfcorearrows.code.tex 2025-08-29 v3.1.11a (3.1.11a)
\pgfarrowsep=\dimen263
) (C:\Users\ashwi_jkggm6w\AppData\Local\Programs\MiKTeX\tex/generic/pgf/basiclayer\pgfcoreshade.code.tex
File: pgfcoreshade.code.tex 2025-08-29 v3.1.11a (3.1.11a)
\pgf@max=\dimen264
\pgf@sys@shading@range@num=\count316
\pgf@shadingcount=\count317
) (C:\Users\ashwi_jkggm6w\AppData\Local\Programs\MiKTeX\tex/generic/pgf/basiclayer\pgfcoreimage.code.tex
File: pgfcoreimage.code.tex 2025-08-29 v3.1.11a (3.1.11a)
) (C:\Users\ashwi_jkggm6w\AppData\Local\Programs\MiKTeX\tex/generic/pgf/basiclayer\pgfcoreexternal.code.tex
File: pgfcoreexternal.code.tex 2025-08-29 v3.1.11a (3.1.11a)
\pgfexternal@startupbox=\box61
) (C:\Users\ashwi_jkggm6w\AppData\Local\Programs\MiKTeX\tex/generic/pgf/basiclayer\pgfcorelayers.code.tex
File: pgfcorelayers.code.tex 2025-08-29 v3.1.11a (3.1.11a)
) (C:\Users\ashwi_jkggm6w\AppData\Local\Programs\MiKTeX\tex/generic/pgf/basiclayer\pgfcoretransparency.code.tex
File: pgfcoretransparency.code.tex 2025-08-29 v3.1.11a (3.1.11a)
) (C:\Users\ashwi_jkggm6w\AppData\Local\Programs\MiKTeX\tex/generic/pgf/basiclayer\pgfcorepatterns.code.tex
File: pgfcorepatterns.code.tex 2025-08-29 v3.1.11a (3.1.11a)
) (C:\Users\ashwi_jkggm6w\AppData\Local\Programs\MiKTeX\tex/generic/pgf/basiclayer\pgfcorerdf.code.tex
File: pgfcorerdf.code.tex 2025-08-29 v3.1.11a (3.1.11a)
))) (C:\Users\ashwi_jkggm6w\AppData\Local\Programs\MiKTeX\tex/generic/pgf/modules\pgfmoduleshapes.code.tex
File: pgfmoduleshapes.code.tex 2025-08-29 v3.1.11a (3.1.11a)
\pgfnodeparttextbox=\box62
) (C:\Users\ashwi_jkggm6w\AppData\Local\Programs\MiKTeX\tex/generic/pgf/modules\pgfmoduleplot.code.tex
File: pgfmoduleplot.code.tex 2025-08-29 v3.1.11a (3.1.11a)
) (C:\Users\ashwi_jkggm6w\AppData\Local\Programs\MiKTeX\tex/latex/pgf/compatibility\pgfcomp-version-0-65.sty
Package: pgfcomp-version-0-65 2025-08-29 v3.1.11a (3.1.11a)
\pgf@nodesepstart=\dimen265
\pgf@nodesepend=\dimen266
) (C:\Users\ashwi_jkggm6w\AppData\Local\Programs\MiKTeX\tex/latex/pgf/compatibility\pgfcomp-version-1-18.sty
Package: pgfcomp-version-1-18 2025-08-29 v3.1.11a (3.1.11a)
)) (C:\Users\ashwi_jkggm6w\AppData\Local\Programs\MiKTeX\tex/latex/pgf/utilities\pgffor.sty (C:\Users\ashwi_jkggm6w\AppData\Local\Programs\MiKTeX\tex/latex/pgf/utilities\pgfkeys.sty (C:\Users\ashwi_jkggm6w\AppData\Local\Programs\MiKTeX\tex/generic/pgf/utilities\pgfkeys.code.tex)) (C:\Users\ashwi_jkggm6w\AppData\Local\Programs\MiKTeX\tex/latex/pgf/math\pgfmath.sty (C:\Users\ashwi_jkggm6w\AppData\Local\Programs\MiKTeX\tex/generic/pgf/math\pgfmath.code.tex)) (C:\Users\ashwi_jkggm6w\AppData\Local\Programs\MiKTeX\tex/generic/pgf/utilities\pgffor.code.tex
Package: pgffor 2025-08-29 v3.1.11a (3.1.11a)
\pgffor@iter=\dimen267
\pgffor@skip=\dimen268
\pgffor@stack=\toks31
\pgffor@toks=\toks32
)) (C:\Users\ashwi_jkggm6w\AppData\Local\Programs\MiKTeX\tex/generic/pgf/frontendlayer/tikz\tikz.code.tex
Package: tikz 2025-08-29 v3.1.11a (3.1.11a)
 (C:\Users\ashwi_jkggm6w\AppData\Local\Programs\MiKTeX\tex/generic/pgf/libraries\pgflibraryplothandlers.code.tex
File: pgflibraryplothandlers.code.tex 2025-08-29 v3.1.11a (3.1.11a)
\pgf@plot@mark@count=\count318
\pgfplotmarksize=\dimen269
)
\tikz@lastx=\dimen270
\tikz@lasty=\dimen271
\tikz@lastxsaved=\dimen272
\tikz@lastysaved=\dimen273
\tikz@lastmovetox=\dimen274
\tikz@lastmovetoy=\dimen275
\tikzleveldistance=\dimen276
\tikzsiblingdistance=\dimen277
\tikz@figbox=\box63
\tikz@figbox@bg=\box64
\tikz@tempbox=\box65
\tikz@tempbox@bg=\box66
\tikztreelevel=\count319
\tikznumberofchildren=\count320
\tikznumberofcurrentchild=\count321
\tikz@fig@count=\count322
 (C:\Users\ashwi_jkggm6w\AppData\Local\Programs\MiKTeX\tex/generic/pgf/modules\pgfmodulematrix.code.tex
File: pgfmodulematrix.code.tex 2025-08-29 v3.1.11a (3.1.11a)
\pgfmatrixcurrentrow=\count323
\pgfmatrixcurrentcolumn=\count324
\pgf@matrix@numberofcolumns=\count325
)
\tikz@expandcount=\count326
 (C:\Users\ashwi_jkggm6w\AppData\Local\Programs\MiKTeX\tex/generic/pgf/frontendlayer/tikz/libraries\tikzlibrarytopaths.code.tex
File: tikzlibrarytopaths.code.tex 2025-08-29 v3.1.11a (3.1.11a)
))) (C:\Users\ashwi_jkggm6w\AppData\Local\Programs\MiKTeX\tex/generic/pgf/frontendlayer/tikz/libraries\tikzlibrarypositioning.code.tex
File: tikzlibrarypositioning.code.tex 2025-08-29 v3.1.11a (3.1.11a)
) (C:\Users\ashwi_jkggm6w\AppData\Local\Programs\MiKTeX\tex/generic/pgf/libraries\pgflibraryarrows.meta.code.tex
File: pgflibraryarrows.meta.code.tex 2025-08-29 v3.1.11a (3.1.11a)
\pgfarrowinset=\dimen278
\pgfarrowlength=\dimen279
\pgfarrowwidth=\dimen280
\pgfarrowlinewidth=\dimen281
) (C:\Users\ashwi_jkggm6w\AppData\Local\Programs\MiKTeX\tex/latex/float\float.sty
Package: float 2001/11/08 v1.3d Float enhancements (AL)
\c@float@type=\count327
\float@exts=\toks33
\float@box=\box67
\@float@everytoks=\toks34
\@floatcapt=\box68
) (C:\Users\ashwi_jkggm6w\AppData\Local\Programs\MiKTeX\tex/latex/caption\caption.sty
Package: caption 2023/08/05 v3.6o Customizing captions (AR)
 (C:\Users\ashwi_jkggm6w\AppData\Local\Programs\MiKTeX\tex/latex/caption\caption3.sty
Package: caption3 2023/07/31 v2.4d caption3 kernel (AR)
\caption@tempdima=\dimen282
\captionmargin=\dimen283
\caption@leftmargin=\dimen284
\caption@rightmargin=\dimen285
\caption@width=\dimen286
\caption@indent=\dimen287
\caption@parindent=\dimen288
\caption@hangindent=\dimen289
Package caption Info: Standard document class detected.
)
\c@caption@flags=\count328
\c@continuedfloat=\count329
Package caption Info: float package is loaded.
Package caption Info: hyperref package is loaded.
Package caption Info: listings package is loaded.
) (C:\Users\ashwi_jkggm6w\AppData\Local\Programs\MiKTeX\tex/latex/base\inputenc.sty
Package: inputenc 2024/02/08 v1.3d Input encoding file
\inpenc@prehook=\toks35
\inpenc@posthook=\toks36
) (C:\Users\ashwi_jkggm6w\AppData\Local\Programs\MiKTeX\tex/latex/l3backend\l3backend-pdftex.def
File: l3backend-pdftex.def 2025-10-09 L3 backend support: PDF output (pdfTeX)
\l__color_backend_stack_int=\count330
)
(main.aux)
\openout1 = `main.aux'.

LaTeX Font Info:    Checking defaults for OML/cmm/m/it on input line 70.
LaTeX Font Info:    ... okay on input line 70.
LaTeX Font Info:    Checking defaults for OMS/cmsy/m/n on input line 70.
LaTeX Font Info:    ... okay on input line 70.
LaTeX Font Info:    Checking defaults for OT1/cmr/m/n on input line 70.
LaTeX Font Info:    ... okay on input line 70.
LaTeX Font Info:    Checking defaults for T1/cmr/m/n on input line 70.
LaTeX Font Info:    ... okay on input line 70.
LaTeX Font Info:    Checking defaults for TS1/cmr/m/n on input line 70.
LaTeX Font Info:    ... okay on input line 70.
LaTeX Font Info:    Checking defaults for OMX/cmex/m/n on input line 70.
LaTeX Font Info:    ... okay on input line 70.
LaTeX Font Info:    Checking defaults for U/cmr/m/n on input line 70.
LaTeX Font Info:    ... okay on input line 70.
LaTeX Font Info:    Checking defaults for PD1/pdf/m/n on input line 70.
LaTeX Font Info:    ... okay on input line 70.
LaTeX Font Info:    Checking defaults for PU/pdf/m/n on input line 70.
LaTeX Font Info:    ... okay on input line 70.
 (C:\Users\ashwi_jkggm6w\AppData\Local\Programs\MiKTeX\tex/context/base/mkii\supp-pdf.mkii
[Loading MPS to PDF converter (version 2006.09.02).]
\scratchcounter=\count331
\scratchdimen=\dimen290
\scratchbox=\box69
\nofMPsegments=\count332
\nofMParguments=\count333
\everyMPshowfont=\toks37
\MPscratchCnt=\count334
\MPscratchDim=\dimen291
\MPnumerator=\count335
\makeMPintoPDFobject=\count336
\everyMPtoPDFconversion=\toks38
) (C:\Users\ashwi_jkggm6w\AppData\Local\Programs\MiKTeX\tex/latex/epstopdf-pkg\epstopdf-base.sty
Package: epstopdf-base 2020-01-24 v2.11 Base part for package epstopdf
 (C:\Users\ashwi_jkggm6w\AppData\Local\Programs\MiKTeX\tex/latex/grfext\grfext.sty
Package: grfext 2019/12/03 v1.3 Manage graphics extensions (HO)
)
Package epstopdf-base Info: Redefining graphics rule for `.eps' on input line 485.
Package grfext Info: Graphics extension search list:
(grfext)             [.pdf,.png,.jpg,.mps,.jpeg,.jbig2,.jb2,.PDF,.PNG,.JPG,.JPEG,.JBIG2,.JB2,.eps]
(grfext)             \AppendGraphicsExtensions on input line 504.
 (C:\Users\ashwi_jkggm6w\AppData\Local\Programs\MiKTeX\tex/latex/00miktex\epstopdf-sys.cfg
File: epstopdf-sys.cfg 2021/03/18 v2.0 Configuration of epstopdf for MiKTeX
))
\c@lstlisting=\count337
Package hyperref Info: Link coloring OFF on input line 70.
 (main.out) (main.out)
\@outlinefile=\write4
\openout4 = `main.out'.


*geometry* driver: auto-detecting
*geometry* detected driver: pdftex
*geometry* verbose mode - [ preamble ] result:
* driver: pdftex
* paper: a4paper
* layout: <same size as paper>
* layoutoffset:(h,v)=(0.0pt,0.0pt)
* modes: 
* h-part:(L,W,R)=(72.26999pt, 452.9679pt, 72.26999pt)
* v-part:(T,H,B)=(72.26999pt, 700.50687pt, 72.26999pt)
* \paperwidth=597.50787pt
* \paperheight=845.04684pt
* \textwidth=452.9679pt
* \textheight=700.50687pt
* \oddsidemargin=0.0pt
* \evensidemargin=0.0pt
* \topmargin=-37.0pt
* \headheight=12.0pt
* \headsep=25.0pt
* \topskip=12.0pt
* \footskip=30.0pt
* \marginparwidth=35.0pt
* \marginparsep=10.0pt
* \columnsep=10.0pt
* \skip\footins=10.8pt plus 4.0pt minus 2.0pt
* \hoffset=0.0pt
* \voffset=0.0pt
* \mag=1000
* \@twocolumnfalse
* \@twosidefalse
* \@mparswitchfalse
* \@reversemarginfalse
* (1in=72.27pt=25.4mm, 1cm=28.453pt)

Package caption Info: Begin \AtBeginDocument code.
Package caption Info: End \AtBeginDocument code.
(Lab1/Lab1.tex
Overfull \hbox (1.6858pt too wide) in paragraph at lines 22--23
[]\OT1/cmr/m/n/12 CSS pro-vides a min-i-mal-is-tic, mod-ern aes-thetic with con-sis-tent padding, sec-tion styling,
 []

(C:\Users\ashwi_jkggm6w\AppData\Local\Programs\MiKTeX\tex/latex/listings\lstlang1.sty
File: lstlang1.sty 2025/10/06 1.11 listings language file
) (C:\Users\ashwi_jkggm6w\AppData\Local\Programs\MiKTeX\tex/latex/listings\lstmisc.sty
File: lstmisc.sty 2025/10/06 1.11 (Carsten Heinz)
 
Define lst-aspect `html': tag, tagstyle, usekeywordsintag, markfirstintag, 
Allocs: none
)
Package hyperref Info: bookmark level for unknown lstlisting defaults to 0 on input line 27.
 (Lab1/resume.html [1

{C:/Users/ashwi_jkggm6w/AppData/Local/MiKTeX/fonts/map/pdftex/pdftex.map}] [2]) (Lab1/styleResume.css [3])
<Lab1/1.png, id=107, 2167.34718pt x 1251.92719pt>
File: Lab1/1.png Graphic file (type png)
<use Lab1/1.png>
Package pdftex.def Info: Lab1/1.png  used on input line 37.
(pdftex.def)             Requested size: 452.9679pt x 261.65167pt.
 [4]
<Lab1/2.png, id=154, 2167.34718pt x 1279.78125pt>
File: Lab1/2.png Graphic file (type png)
<use Lab1/2.png>
Package pdftex.def Info: Lab1/2.png  used on input line 44.
(pdftex.def)             Requested size: 452.9679pt x 267.47316pt.
<Lab1/3.png, id=155, 2167.34718pt x 1278.27562pt>
File: Lab1/3.png Graphic file (type png)
<use Lab1/3.png>
Package pdftex.def Info: Lab1/3.png  used on input line 51.
(pdftex.def)             Requested size: 452.9679pt x 267.15848pt.
 [5 <./Lab1/1.png> <./Lab1/2.png>] [6 <./Lab1/3.png>]
Overfull \hbox (7.14378pt too wide) in paragraph at lines 68--68
|\OT1/cmr/bx/n/17.28 Lab Ex-er-cise 1 - Ques-tion 2: CV Web-page us-ing HTML
 []

(Lab1/cv.html [7] [8] [9]) (Lab1/styleCV.css [10])
<Lab1/4.png, id=300, 2168.1pt x 1282.7925pt>
File: Lab1/4.png Graphic file (type png)
<use Lab1/4.png>
Package pdftex.def Info: Lab1/4.png  used on input line 104.
(pdftex.def)             Requested size: 452.9679pt x 268.00464pt.
 [11]
<Lab1/5.png, id=339, 2168.1pt x 1282.7925pt>
File: Lab1/5.png Graphic file (type png)
<use Lab1/5.png>
Package pdftex.def Info: Lab1/5.png  used on input line 110.
(pdftex.def)             Requested size: 452.9679pt x 268.00464pt.
<Lab1/6.png, id=340, 2168.1pt x 1282.7925pt>
File: Lab1/6.png Graphic file (type png)
<use Lab1/6.png>
Package pdftex.def Info: Lab1/6.png  used on input line 117.
(pdftex.def)             Requested size: 452.9679pt x 268.00464pt.
 [12 <./Lab1/4.png> <./Lab1/5.png>]
<Lab1/7.png, id=348, 2168.1pt x 1282.7925pt>
File: Lab1/7.png Graphic file (type png)
<use Lab1/7.png>
Package pdftex.def Info: Lab1/7.png  used on input line 124.
(pdftex.def)             Requested size: 452.9679pt x 268.00464pt.
 [13 <./Lab1/6.png> <./Lab1/7.png>]) [14] (Lab2/Lab2.tex
Overfull \hbox (20.36018pt too wide) in paragraph at lines 10--11
[]\OT1/cmr/m/n/12 Use HTML for struc-ture, CSS for styling, and JavaScript Fetch API (with \OT1/cmtt/m/n/12 async/await\OT1/cmr/m/n/12 )
 []

LaTeX Font Info:    External font `cmex10' loaded for size
(Font)              <12> on input line 27.
LaTeX Font Info:    External font `cmex10' loaded for size
(Font)              <8> on input line 27.
LaTeX Font Info:    External font `cmex10' loaded for size
(Font)              <6> on input line 27.
[15] (Lab2/index.html

Lab2/index.html:15: LaTeX Error: Invalid UTF-8 byte sequence (‚\lst@FillFixed@\lst@ECò).

See the LaTeX manual or LaTeX Companion for explanation.
Type  H <return>  for immediate help.
 ...                                              
                                                  
l.15             <h1>‚òÅÔ∏è 
                            Weather Dashboard</h1>
The document does not appear to be in UTF-8 encoding.
Try adding \UseRawInputEncoding as the first line of the file
or specify an encoding such as \usepackage [latin1]{inputenc}
in the document preamble.
Alternatively, save the file in UTF-8 using your editor or another tool


Lab2/index.html:15: LaTeX Error: Invalid UTF-8 byte "81.

See the LaTeX manual or LaTeX Companion for explanation.
Type  H <return>  for immediate help.
 ...                                              
                                                  
l.15             <h1>‚òÅÔ∏è 
                            Weather Dashboard</h1>
The document does not appear to be in UTF-8 encoding.
Try adding \UseRawInputEncoding as the first line of the file
or specify an encoding such as \usepackage [latin1]{inputenc}
in the document preamble.
Alternatively, save the file in UTF-8 using your editor or another tool


Lab2/index.html:15: LaTeX Error: Invalid UTF-8 byte sequence (Ô\lst@EC∏\lst@ECè).

See the LaTeX manual or LaTeX Companion for explanation.
Type  H <return>  for immediate help.
 ...                                              
                                                  
l.15             <h1>‚òÅÔ∏è 
                            Weather Dashboard</h1>
The document does not appear to be in UTF-8 encoding.
Try adding \UseRawInputEncoding as the first line of the file
or specify an encoding such as \usepackage [latin1]{inputenc}
in the document preamble.
Alternatively, save the file in UTF-8 using your editor or another tool

) (Lab2/style.css [16] [17] [18]) (Lab2/script.js
LaTeX Font Info:    Font shape `OT1/cmtt/bx/n' in size <10.95> not available
(Font)              Font shape `OT1/cmtt/m/n' tried instead on input line 1.
 [19]

Lab2/script.js:49: LaTeX Error: Invalid UTF-8 byte sequence (\lst@FillFixed@\lst@ECü\lst@ECå).

See the LaTeX manual or LaTeX Companion for explanation.
Type  H <return>  for immediate help.
 ...                                              
                                                  
l.49     <p>üå°Ô∏è 
                    ${main.temp} ¬∞C</p>
The document does not appear to be in UTF-8 encoding.
Try adding \UseRawInputEncoding as the first line of the file
or specify an encoding such as \usepackage [latin1]{inputenc}
in the document preamble.
Alternatively, save the file in UTF-8 using your editor or another tool


Lab2/script.js:49: LaTeX Error: Invalid UTF-8 byte "A1.

See the LaTeX manual or LaTeX Companion for explanation.
Type  H <return>  for immediate help.
 ...                                              
                                                  
l.49     <p>üå°Ô∏è 
                    ${main.temp} ¬∞C</p>
The document does not appear to be in UTF-8 encoding.
Try adding \UseRawInputEncoding as the first line of the file
or specify an encoding such as \usepackage [latin1]{inputenc}
in the document preamble.
Alternatively, save the file in UTF-8 using your editor or another tool


Lab2/script.js:49: LaTeX Error: Invalid UTF-8 byte sequence (Ô\lst@EC∏\lst@ECè).

See the LaTeX manual or LaTeX Companion for explanation.
Type  H <return>  for immediate help.
 ...                                              
                                                  
l.49     <p>üå°Ô∏è 
                    ${main.temp} ¬∞C</p>
The document does not appear to be in UTF-8 encoding.
Try adding \UseRawInputEncoding as the first line of the file
or specify an encoding such as \usepackage [latin1]{inputenc}
in the document preamble.
Alternatively, save the file in UTF-8 using your editor or another tool


Lab2/script.js:49: LaTeX Error: Invalid UTF-8 byte sequence (¬\lst@FillFixed@).

See the LaTeX manual or LaTeX Companion for explanation.
Type  H <return>  for immediate help.
 ...                                              
                                                  
l.49     <p>üå°Ô∏è ${main.temp} ¬∞C<
                                     /p>
The document does not appear to be in UTF-8 encoding.
Try adding \UseRawInputEncoding as the first line of the file
or specify an encoding such as \usepackage [latin1]{inputenc}
in the document preamble.
Alternatively, save the file in UTF-8 using your editor or another tool


Lab2/script.js:49: LaTeX Error: Invalid UTF-8 byte "B0.

See the LaTeX manual or LaTeX Companion for explanation.
Type  H <return>  for immediate help.
 ...                                              
                                                  
l.49     <p>üå°Ô∏è ${main.temp} ¬∞C<
                                     /p>
The document does not appear to be in UTF-8 encoding.
Try adding \UseRawInputEncoding as the first line of the file
or specify an encoding such as \usepackage [latin1]{inputenc}
in the document preamble.
Alternatively, save the file in UTF-8 using your editor or another tool


Lab2/script.js:50: LaTeX Error: Invalid UTF-8 byte sequence (\lst@FillFixed@\lst@ECü\lst@ECí).

See the LaTeX manual or LaTeX Companion for explanation.
Type  H <return>  for immediate help.
 ...                                              
                                                  
l.50     <p>üíß 
                 Humidity: ${main.humidity}%</p>
The document does not appear to be in UTF-8 encoding.
Try adding \UseRawInputEncoding as the first line of the file
or specify an encoding such as \usepackage [latin1]{inputenc}
in the document preamble.
Alternatively, save the file in UTF-8 using your editor or another tool


Lab2/script.js:50: LaTeX Error: Invalid UTF-8 byte "A7.

See the LaTeX manual or LaTeX Companion for explanation.
Type  H <return>  for immediate help.
 ...                                              
                                                  
l.50     <p>üíß 
                 Humidity: ${main.humidity}%</p>
The document does not appear to be in UTF-8 encoding.
Try adding \UseRawInputEncoding as the first line of the file
or specify an encoding such as \usepackage [latin1]{inputenc}
in the document preamble.
Alternatively, save the file in UTF-8 using your editor or another tool


Lab2/script.js:51: LaTeX Error: Invalid UTF-8 byte sequence (\lst@FillFixed@\lst@ECü\lst@ECí).

See the LaTeX manual or LaTeX Companion for explanation.
Type  H <return>  for immediate help.
 ...                                              
                                                  
l.51     <p>üí® 
                 Wind: ${wind.speed} m/s</p>
The document does not appear to be in UTF-8 encoding.
Try adding \UseRawInputEncoding as the first line of the file
or specify an encoding such as \usepackage [latin1]{inputenc}
in the document preamble.
Alternatively, save the file in UTF-8 using your editor or another tool


Lab2/script.js:51: LaTeX Error: Invalid UTF-8 byte "A8.

See the LaTeX manual or LaTeX Companion for explanation.
Type  H <return>  for immediate help.
 ...                                              
                                                  
l.51     <p>üí® 
                 Wind: ${wind.speed} m/s</p>
The document does not appear to be in UTF-8 encoding.
Try adding \UseRawInputEncoding as the first line of the file
or specify an encoding such as \usepackage [latin1]{inputenc}
in the document preamble.
Alternatively, save the file in UTF-8 using your editor or another tool

)
<Lab2/1.png, id=569, 2168.1pt x 1282.7925pt>
File: Lab2/1.png Graphic file (type png)
<use Lab2/1.png>
Package pdftex.def Info: Lab2/1.png  used on input line 57.
(pdftex.def)             Requested size: 452.9679pt x 268.00464pt.
<Lab2/2.png, id=570, 2168.1pt x 1282.7925pt>
File: Lab2/2.png Graphic file (type png)
<use Lab2/2.png>
Package pdftex.def Info: Lab2/2.png  used on input line 64.
(pdftex.def)             Requested size: 452.9679pt x 268.00464pt.
 [20 <./Lab2/1.png>]
<Lab2/3.png, id=601, 2168.1pt x 1282.7925pt>
File: Lab2/3.png Graphic file (type png)
<use Lab2/3.png>
Package pdftex.def Info: Lab2/3.png  used on input line 71.
(pdftex.def)             Requested size: 452.9679pt x 268.00464pt.
 [21 <./Lab2/2.png> <./Lab2/3.png>]) [22] (Lab3/Lab3.tex [23] (Lab3/index.html) [24] (Lab3/style.css [25]) (Lab3/script.js [26] [27])
<Lab3/1.png, id=829, 2168.1pt x 1282.7925pt>
File: Lab3/1.png Graphic file (type png)
<use Lab3/1.png>
Package pdftex.def Info: Lab3/1.png  used on input line 56.
(pdftex.def)             Requested size: 452.9679pt x 268.00464pt.
<Lab3/2.png, id=830, 2168.1pt x 1282.7925pt>
File: Lab3/2.png Graphic file (type png)
<use Lab3/2.png>
Package pdftex.def Info: Lab3/2.png  used on input line 63.
(pdftex.def)             Requested size: 452.9679pt x 268.00464pt.
 [28 <./Lab3/1.png>]
<Lab3/3.png, id=860, 2168.1pt x 1282.7925pt>
File: Lab3/3.png Graphic file (type png)
<use Lab3/3.png>
Package pdftex.def Info: Lab3/3.png  used on input line 70.
(pdftex.def)             Requested size: 452.9679pt x 268.00464pt.
<Lab3/4.png, id=861, 2168.1pt x 1282.7925pt>
File: Lab3/4.png Graphic file (type png)
<use Lab3/4.png>
Package pdftex.def Info: Lab3/4.png  used on input line 77.
(pdftex.def)             Requested size: 452.9679pt x 268.00464pt.
 [29 <./Lab3/2.png> <./Lab3/3.png>] [30 <./Lab3/4.png>]) [31] (Lab4/Lab4.tex [32]

LaTeX Warning: File `Lab4/1.png' not found on input line 59.


Lab4/Lab4.tex:59: Package pdftex.def Error: File `Lab4/1.png' not found: using draft setting.

See the pdftex.def package documentation for explanation.
Type  H <return>  for immediate help.
 ...                                              
                                                  
l.59 ...ludegraphics[width=\textwidth]{Lab4/1.png}
                                                  
Try typing  <return>  to proceed.
If that doesn't work, type  X <return>  to quit.

[33] (Lab4/Page 1/App.css [34]) (Lab4/Page 1/App.jsx [35]) (Lab4/Page 1/components/ListSection.jsx [36]) [37]
Overfull \hbox (0.18321pt too wide) in paragraph at lines 81--82
[]\OT1/cmr/bx/n/12 ListItems.jsx \OT1/cmr/m/n/12 - Child com-po-nent ren-der-ing in-di-vid-ual en-tries. \OT1/cmr/m/it/12 Props: \OT1/cmtt/m/n/12 name\OT1/cmr/m/n/12 , \OT1/cmtt/m/n/12 price\OT1/cmr/m/n/12 ,
 []

<Lab4/2.png, id=1040, 2168.1pt x 1282.7925pt>
File: Lab4/2.png Graphic file (type png)
<use Lab4/2.png>
Package pdftex.def Info: Lab4/2.png  used on input line 117.
(pdftex.def)             Requested size: 452.9679pt x 268.00464pt.
[38] (Lab4/Page 2/App.css [39 <./Lab4/2.png>]) (Lab4/Page 2/App.jsx) [40] (Lab4/Page 2/components/ListSections.jsx) (Lab4/Page 2/components/ListItems.jsx) [41]
<Lab4/3.png, id=1173, 2168.1pt x 1282.7925pt>
File: Lab4/3.png Graphic file (type png)
<use Lab4/3.png>
Package pdftex.def Info: Lab4/3.png  used on input line 173.
(pdftex.def)             Requested size: 452.9679pt x 268.00464pt.
 [42] (Lab4/Page 3/App.css [43 <./Lab4/3.png>]) (Lab4/Page 3/App.jsx [44]) (Lab4/Page 3/components/ListItems.jsx) [45]) [46] (Lab5/Lab5.tex
Overfull \hbox (10.71117pt too wide) in paragraph at lines 16--18
\OT1/cmr/m/n/12 This Re-act ap-pli-ca-tion demon-strates the use of func-tional com-po-nents, props, and \OT1/cmtt/m/n/12 useState
 []

LaTeX Font Info:    Trying to load font information for OMS+cmtt on input line 76.
LaTeX Font Info:    No file OMScmtt.fd. on input line 76.

LaTeX Font Warning: Font shape `OMS/cmtt/m/it' undefined
(Font)              using `OMS/cmsy/m/n' instead
(Font)              for symbol `textbraceleft' on input line 76.


Overfull \hbox (70.93877pt too wide) in paragraph at lines 58--87
 []|  [] 
 []

[47]
<Lab5/1.jpg, id=1322, 963.6pt x 569.87906pt>
File: Lab5/1.jpg Graphic file (type jpg)
<use Lab5/1.jpg>
Package pdftex.def Info: Lab5/1.jpg  used on input line 96.
(pdftex.def)             Requested size: 452.9679pt x 267.88666pt.
 (Lab5/App.css [48 <./Lab5/1.jpg>]) (Lab5/App.jsx [49]) (Lab5/components/TemperatureDisplay.jsx) (Lab5/components/TemperatureControls.jsx) (Lab5/components/TemperatureInC.jsx [50]) (Lab5/components/TemperatureInF.jsx)) [51] [52] (Lab6/Lab6.tex
Overfull \hbox (2.37364pt too wide) in paragraph at lines 7--8
[]\OT1/cmr/m/n/12 Identify and de-fine the main Re-act com-po-nents (\OT1/cmtt/m/n/12 Title\OT1/cmr/m/n/12 , \OT1/cmtt/m/n/12 TimeSetter\OT1/cmr/m/n/12 , \OT1/cmtt/m/n/12 TimerDisplay\OT1/cmr/m/n/12 ,
 []


Overfull \hbox (40.96577pt too wide) in paragraph at lines 52--85
 []|  [] 
 []

[53]
<Lab6/1.png, id=1483, 2166.59438pt x 1282.7925pt>
File: Lab6/1.png Graphic file (type png)
<use Lab6/1.png>
Package pdftex.def Info: Lab6/1.png  used on input line 96.
(pdftex.def)             Requested size: 452.9679pt x 268.1808pt.
<Lab6/2.png, id=1484, 2167.34718pt x 1284.29813pt>
File: Lab6/2.png Graphic file (type png)
<use Lab6/2.png>
Package pdftex.def Info: Lab6/2.png  used on input line 103.
(pdftex.def)             Requested size: 452.9679pt x 268.41718pt.
<Lab6/3.jpg, id=1485, 963.6pt x 570.63188pt>
File: Lab6/3.jpg Graphic file (type jpg)
<use Lab6/3.jpg>
Package pdftex.def Info: Lab6/3.jpg  used on input line 109.
(pdftex.def)             Requested size: 452.9679pt x 268.24055pt.
 [54 <./Lab6/1.png>] (Lab6/App.css [55 <./Lab6/2.png> <./Lab6/3.jpg>] [56] [57]) (Lab6/App.jsx [58] [59]) [60] (Lab6/components/Title.jsx) (Lab6/components/TimeSetter.jsx [61]) (Lab6/components/TimerDisplay.jsx [62]) (Lab6/components/ControlButtons.jsx)) [63] [64] (Lab7/Lab7.tex
Overfull \hbox (16.49341pt too wide) in paragraph at lines 44--47
[]\OT1/cmr/bx/n/12 App.jsx \OT1/cmr/m/n/12 - Root com-po-nent defin-ing all routes and shared lay-out. Uses \OT1/cmtt/m/n/12 BrowserRouter\OT1/cmr/m/n/12 ,
 []


Overfull \hbox (27.92761pt too wide) in paragraph at lines 51--53
[]\OT1/cmr/bx/n/12 Home.jsx \OT1/cmr/m/n/12 - Dis-plays per-sonal sum-mary and pro-file pic-ture. \OT1/cmr/m/it/12 Props: \OT1/cmtt/m/n/12 name\OT1/cmr/m/n/12 , \OT1/cmtt/m/n/12 profileImage\OT1/cmr/m/n/12 ,
 []

[65]
Overfull \hbox (39.12502pt too wide) in paragraph at lines 59--61
[]\OT1/cmr/bx/n/12 Experience.jsx \OT1/cmr/m/n/12 - De-scribes in-tern-ship and pro-fes-sional work. \OT1/cmr/m/it/12 Props: \OT1/cmtt/m/n/12 role\OT1/cmr/m/n/12 , \OT1/cmtt/m/n/12 organization\OT1/cmr/m/n/12 ,
 []


Overfull \hbox (21.43065pt too wide) in paragraph at lines 61--63
[]\OT1/cmr/bx/n/12 Achievements.jsx \OT1/cmr/m/n/12 - Lists per-sonal and aca-demic achieve-ments. \OT1/cmr/m/it/12 Props: \OT1/cmtt/m/n/12 achievements\OT1/cmr/m/n/12 . 
 []


Overfull \hbox (66.26953pt too wide) in paragraph at lines 98--160
 []|  [] 
 []

[66]
<Lab7/1.png, id=1927, 1084.05pt x 641.39626pt>
File: Lab7/1.png Graphic file (type png)
<use Lab7/1.png>
Package pdftex.def Info: Lab7/1.png  used on input line 170.
(pdftex.def)             Requested size: 452.9679pt x 268.00464pt.
 [67]
<Lab7/2.png, id=1934, 1084.05pt x 641.39626pt>
File: Lab7/2.png Graphic file (type png)
<use Lab7/2.png>
Package pdftex.def Info: Lab7/2.png  used on input line 177.
(pdftex.def)             Requested size: 452.9679pt x 268.00464pt.
<Lab7/3.png, id=1935, 1084.05pt x 641.39626pt>
File: Lab7/3.png Graphic file (type png)
<use Lab7/3.png>
Package pdftex.def Info: Lab7/3.png  used on input line 184.
(pdftex.def)             Requested size: 452.9679pt x 268.00464pt.
 [68 <./Lab7/1.png> <./Lab7/2.png>]
<Lab7/4.png, id=1944, 1084.05pt x 641.39626pt>
File: Lab7/4.png Graphic file (type png)
<use Lab7/4.png>
Package pdftex.def Info: Lab7/4.png  used on input line 191.
(pdftex.def)             Requested size: 452.9679pt x 268.00464pt.
<Lab7/5.png, id=1945, 1084.05pt x 641.39626pt>
File: Lab7/5.png Graphic file (type png)
<use Lab7/5.png>
Package pdftex.def Info: Lab7/5.png  used on input line 198.
(pdftex.def)             Requested size: 452.9679pt x 268.00464pt.
 [69 <./Lab7/3.png> <./Lab7/4.png>]
<Lab7/6.png, id=1954, 1084.05pt x 641.39626pt>
File: Lab7/6.png Graphic file (type png)
<use Lab7/6.png>
Package pdftex.def Info: Lab7/6.png  used on input line 206.
(pdftex.def)             Requested size: 452.9679pt x 268.00464pt.
<Lab7/7.png, id=1955, 1084.05pt x 641.39626pt>
File: Lab7/7.png Graphic file (type png)
<use Lab7/7.png>
Package pdftex.def Info: Lab7/7.png  used on input line 213.
(pdftex.def)             Requested size: 452.9679pt x 268.00464pt.
 [70 <./Lab7/5.png> <./Lab7/6.png>]
<Lab7/8.png, id=1964, 1084.05pt x 641.39626pt>
File: Lab7/8.png Graphic file (type png)
<use Lab7/8.png>
Package pdftex.def Info: Lab7/8.png  used on input line 220.
(pdftex.def)             Requested size: 452.9679pt x 268.00464pt.
<Lab7/9.png, id=1965, 1084.05pt x 641.39626pt>
File: Lab7/9.png Graphic file (type png)
<use Lab7/9.png>
Package pdftex.def Info: Lab7/9.png  used on input line 227.
(pdftex.def)             Requested size: 452.9679pt x 268.00464pt.
 [71 <./Lab7/7.png> <./Lab7/8.png>] (Lab7/App.css [72 <./Lab7/9.png>] [73] [74]) (Lab7/App.jsx [75]) (Lab7/components/Home.jsx) [76] (Lab7/components/Education.jsx) (Lab7/components/Skills.jsx [77]) (Lab7/components/Projects.jsx [78] [79]) (Lab7/components/Experience.jsx [80]) (Lab7/components/Achievements.jsx) (Lab7/components/Thermostat.jsx) [81] (Lab7/components/TemperatureDisplay.jsx) (Lab7/components/TemperatureControls.jsx) (Lab7/components/FahrenheitDisplay.jsx) (Lab7/components/ConversionButton.jsx [82]) (Lab7/components/Timer.jsx [83] [84]) (Lab7/components/TimerDisplay.jsx [85]) (Lab7/components/TimeSetter.jsx [86]) (Lab7/components/ControlButtons.jsx [87]) (Lab7/components/Title.jsx)) [88] (Lab8/Lab8.tex [89]
Overfull \hbox (9.90146pt too wide) in paragraph at lines 96--97
 [][] 
 []

<Lab8/1.png, id=2807, 1084.05pt x 641.39626pt>
File: Lab8/1.png Graphic file (type png)
<use Lab8/1.png>
Package pdftex.def Info: Lab8/1.png  used on input line 106.
(pdftex.def)             Requested size: 452.9679pt x 268.00464pt.
[90]
<Lab8/2.png, id=2813, 1084.05pt x 641.39626pt>
File: Lab8/2.png Graphic file (type png)
<use Lab8/2.png>
Package pdftex.def Info: Lab8/2.png  used on input line 113.
(pdftex.def)             Requested size: 452.9679pt x 268.00464pt.
 [91 <./Lab8/1.png> <./Lab8/2.png>] (Lab8/App.jsx [92]) (Lab8/components/NavigationBar.jsx) (Lab8/components/Dashboard.jsx [93]) (Lab8/components/BlogCard.jsx)) [94] [95] (Lab9/Lab9.tex
Overfull \hbox (4.11397pt too wide) in paragraph at lines 1--1
|\OT1/cmr/bx/n/17.28 Lab Ex-er-cise 9: Ba-sic Blog Server us-ing Node.js HTTP
 []

<Lab9/1.png, id=2964, 1084.05pt x 641.39626pt>
File: Lab9/1.png Graphic file (type png)
<use Lab9/1.png>
Package pdftex.def Info: Lab9/1.png  used on input line 53.
(pdftex.def)             Requested size: 452.9679pt x 268.00464pt.
[96]
<Lab9/2.png, id=2969, 1084.05pt x 641.39626pt>
File: Lab9/2.png Graphic file (type png)
<use Lab9/2.png>
Package pdftex.def Info: Lab9/2.png  used on input line 60.
(pdftex.def)             Requested size: 452.9679pt x 268.00464pt.
<Lab9/3.png, id=2970, 1084.05pt x 641.39626pt>
File: Lab9/3.png Graphic file (type png)
<use Lab9/3.png>
Package pdftex.def Info: Lab9/3.png  used on input line 67.
(pdftex.def)             Requested size: 452.9679pt x 268.00464pt.
 [97 <./Lab9/1.png> <./Lab9/2.png>] (Lab9/server.js) (Lab9/routes/home.js [98 <./Lab9/3.png>]) (Lab9/routes/posts.js) (Lab9/routes/error.js [99]) (Lab9/data/BlogPosts.js) (Lab9/components/homePage.html) (Lab9/components/blog.html [100]) (Lab9/components/error.html)) [101] (Lab10/Lab10.tex [102]
<Lab10/1.png, id=3115, 1084.05pt x 641.39626pt>
File: Lab10/1.png Graphic file (type png)
<use Lab10/1.png>
Package pdftex.def Info: Lab10/1.png  used on input line 55.
(pdftex.def)             Requested size: 452.9679pt x 268.00464pt.
<Lab10/2.png, id=3116, 1084.05pt x 641.39626pt>
File: Lab10/2.png Graphic file (type png)
<use Lab10/2.png>
Package pdftex.def Info: Lab10/2.png  used on input line 62.
(pdftex.def)             Requested size: 452.9679pt x 268.00464pt.
 [103 <./Lab10/1.png>]
<Lab10/3.png, id=3124, 1084.05pt x 641.39626pt>
File: Lab10/3.png Graphic file (type png)
<use Lab10/3.png>
Package pdftex.def Info: Lab10/3.png  used on input line 69.
(pdftex.def)             Requested size: 452.9679pt x 268.00464pt.
<Lab10/4.png, id=3125, 1084.05pt x 641.39626pt>
File: Lab10/4.png Graphic file (type png)
<use Lab10/4.png>
Package pdftex.def Info: Lab10/4.png  used on input line 76.
(pdftex.def)             Requested size: 452.9679pt x 268.00464pt.
 [104 <./Lab10/2.png> <./Lab10/3.png>] (Lab10/server.js [105 <./Lab10/4.png>]) (Lab10/routes/home.js) (Lab10/routes/about.js) (Lab10/utils/logger.js [106]) (Lab10/components/home.html) (Lab10/components/about.html) (Lab10/Logs.txt) [107]) [108] (main.aux)
 ***********
LaTeX2e <2025-11-01>
L3 programming layer <2025-10-24>
 ***********


LaTeX Font Warning: Some font shapes were not available, defaults substituted.


LaTeX Warning: Label(s) may have changed. Rerun to get cross-references right.

Package rerunfilecheck Info: File `main.out' has not changed.
(rerunfilecheck)             Checksum: D41D8CD98F00B204E9800998ECF8427E;0.
 ) 
Here is how much of TeX's memory you used:
 28012 strings out of 467871
 516006 string characters out of 5414503
 1468118 words of memory out of 5000000
 53470 multiletter control sequences out of 15000+600000
 634108 words of font info for 62 fonts, out of 8000000 for 9000
 1141 hyphenation exceptions out of 8191
 84i,9n,94p,470b,2337s stack positions out of 10000i,1000n,20000p,200000b,200000s
 <C:\Users\ashwi_jkggm6w\AppData\Local\MiKTeX\fonts/pk/ljfour/jknappen/ec/dpi600\tctt1095.pk> <C:\Users\ashwi_jkggm6w\AppData\Local\MiKTeX\fonts/pk/ljfour/jknappen/ec/dpi600\tcrm1200.pk><C:/Users/ashwi_jkggm6w/AppData/Local/Programs/MiKTeX/fonts/type1/public/amsfonts/cm/cmbx12.pfb><C:/Users/ashwi_jkggm6w/AppData/Local/Programs/MiKTeX/fonts/type1/public/amsfonts/cm/cmitt10.pfb><C:/Users/ashwi_jkggm6w/AppData/Local/Programs/MiKTeX/fonts/type1/public/amsfonts/cm/cmr10.pfb><C:/Users/ashwi_jkggm6w/AppData/Local/Programs/MiKTeX/fonts/type1/public/amsfonts/cm/cmr12.pfb><C:/Users/ashwi_jkggm6w/AppData/Local/Programs/MiKTeX/fonts/type1/public/amsfonts/cm/cmr8.pfb><C:/Users/ashwi_jkggm6w/AppData/Local/Programs/MiKTeX/fonts/type1/public/amsfonts/cm/cmsy10.pfb><C:/Users/ashwi_jkggm6w/AppData/Local/Programs/MiKTeX/fonts/type1/public/amsfonts/cm/cmti10.pfb><C:/Users/ashwi_jkggm6w/AppData/Local/Programs/MiKTeX/fonts/type1/public/amsfonts/cm/cmti12.pfb><C:/Users/ashwi_jkggm6w/AppData/Local/Programs/MiKTeX/fonts/type1/public/amsfonts/cm/cmtt10.pfb><C:/Users/ashwi_jkggm6w/AppData/Local/Programs/MiKTeX/fonts/type1/public/amsfonts/cm/cmtt12.pfb>
Output written on main.pdf (108 pages, 4941195 bytes).
PDF statistics:
 3877 PDF objects out of 4296 (max. 8388607)
 2816 named destinations out of 2984 (max. 500000)
 203 words of extra memory for PDF output out of 10000 (max. 10000000)

1195 bytes).
PDF statistics:
 3877 PDF objects out of 4296 (max. 8388607)
 2816 named destinations out of 2984 (max. 500000)
 203 words of extra memory for PDF output out of 10000 (max. 10000000)

